Started GET "/signup" for ::1 at 2021-08-02 18:43:37 +0200
  [1m[35m (5.6ms)[0m  [1m[34mSELECT sqlite_version(*)[0m
  
ActionController::RoutingError (No route matches [GET] "/signup"):
  
Started GET "/" for ::1 at 2021-08-02 18:43:39 +0200
Processing by Rails::WelcomeController#index as HTML
  Rendering /home/waziry/.rvm/gems/ruby-2.7.3/gems/railties-6.1.4/lib/rails/templates/rails/welcome/index.html.erb
  Rendered /home/waziry/.rvm/gems/ruby-2.7.3/gems/railties-6.1.4/lib/rails/templates/rails/welcome/index.html.erb (Duration: 40.2ms | Allocations: 219)
Completed 200 OK in 107ms (Views: 43.0ms | ActiveRecord: 0.0ms | Allocations: 2108)


Started GET "/" for ::1 at 2021-08-02 18:45:19 +0200
  [1m[35m (0.8ms)[0m  [1m[34mSELECT sqlite_version(*)[0m
  [1m[35m (78.6ms)[0m  [1m[35mCREATE TABLE "schema_migrations" ("version" varchar NOT NULL PRIMARY KEY)[0m
  [1m[35m (70.3ms)[0m  [1m[35mCREATE TABLE "ar_internal_metadata" ("key" varchar NOT NULL PRIMARY KEY, "value" varchar, "created_at" datetime(6) NOT NULL, "updated_at" datetime(6) NOT NULL)[0m
  [1m[35m (0.3ms)[0m  [1m[34mSELECT "schema_migrations"."version" FROM "schema_migrations" ORDER BY "schema_migrations"."version" ASC[0m
  
ActiveRecord::PendingMigrationError (

Migrations are pending. To resolve this issue, run:

        bin/rails db:migrate RAILS_ENV=development

You have 7 pending migrations:

20200312130019_create_articles.rb
20200312131609_add_timestamps_to_articles.rb
20200403123522_create_users.rb
20200406103010_add_user_id_to_articles.rb
20200407140656_add_password_digest_to_users.rb
20200501140013_add_admin_to_users.rb
20200512122546_create_categories.rb


):
  
activerecord (6.1.4) lib/active_record/migration.rb:625:in `check_pending!'
activerecord (6.1.4) lib/active_record/migration.rb:590:in `block (2 levels) in call'
activesupport (6.1.4) lib/active_support/evented_file_update_checker.rb:59:in `execute'
activerecord (6.1.4) lib/active_record/migration.rb:595:in `block in call'
activerecord (6.1.4) lib/active_record/migration.rb:587:in `synchronize'
activerecord (6.1.4) lib/active_record/migration.rb:587:in `call'
actionpack (6.1.4) lib/action_dispatch/middleware/callbacks.rb:27:in `block in call'
activesupport (6.1.4) lib/active_support/callbacks.rb:98:in `run_callbacks'
actionpack (6.1.4) lib/action_dispatch/middleware/callbacks.rb:26:in `call'
actionpack (6.1.4) lib/action_dispatch/middleware/executor.rb:14:in `call'
actionpack (6.1.4) lib/action_dispatch/middleware/actionable_exceptions.rb:18:in `call'
actionpack (6.1.4) lib/action_dispatch/middleware/debug_exceptions.rb:29:in `call'
web-console (4.1.0) lib/web_console/middleware.rb:132:in `call_app'
web-console (4.1.0) lib/web_console/middleware.rb:28:in `block in call'
web-console (4.1.0) lib/web_console/middleware.rb:17:in `catch'
web-console (4.1.0) lib/web_console/middleware.rb:17:in `call'
actionpack (6.1.4) lib/action_dispatch/middleware/show_exceptions.rb:33:in `call'
railties (6.1.4) lib/rails/rack/logger.rb:37:in `call_app'
railties (6.1.4) lib/rails/rack/logger.rb:26:in `block in call'
activesupport (6.1.4) lib/active_support/tagged_logging.rb:99:in `block in tagged'
activesupport (6.1.4) lib/active_support/tagged_logging.rb:37:in `tagged'
activesupport (6.1.4) lib/active_support/tagged_logging.rb:99:in `tagged'
railties (6.1.4) lib/rails/rack/logger.rb:26:in `call'
sprockets-rails (3.2.2) lib/sprockets/rails/quiet_assets.rb:13:in `call'
actionpack (6.1.4) lib/action_dispatch/middleware/remote_ip.rb:81:in `call'
actionpack (6.1.4) lib/action_dispatch/middleware/request_id.rb:26:in `call'
rack (2.2.3) lib/rack/method_override.rb:24:in `call'
rack (2.2.3) lib/rack/runtime.rb:22:in `call'
activesupport (6.1.4) lib/active_support/cache/strategy/local_cache_middleware.rb:29:in `call'
actionpack (6.1.4) lib/action_dispatch/middleware/executor.rb:14:in `call'
actionpack (6.1.4) lib/action_dispatch/middleware/static.rb:24:in `call'
rack (2.2.3) lib/rack/sendfile.rb:110:in `call'
actionpack (6.1.4) lib/action_dispatch/middleware/host_authorization.rb:98:in `call'
rack-mini-profiler (2.3.2) lib/mini_profiler/profiler.rb:384:in `call'
webpacker (5.4.0) lib/webpacker/dev_server_proxy.rb:25:in `perform_request'
rack-proxy (0.7.0) lib/rack/proxy.rb:63:in `call'
railties (6.1.4) lib/rails/engine.rb:539:in `call'
puma (5.4.0) lib/puma/configuration.rb:249:in `call'
puma (5.4.0) lib/puma/request.rb:77:in `block in handle_request'
puma (5.4.0) lib/puma/thread_pool.rb:340:in `with_force_shutdown'
puma (5.4.0) lib/puma/request.rb:76:in `handle_request'
puma (5.4.0) lib/puma/server.rb:440:in `process_client'
puma (5.4.0) lib/puma/thread_pool.rb:147:in `block in spawn_thread'
  [1m[35m (0.8ms)[0m  [1m[34mSELECT sqlite_version(*)[0m
  [1m[35m (0.3ms)[0m  [1m[34mSELECT "schema_migrations"."version" FROM "schema_migrations" ORDER BY "schema_migrations"."version" ASC[0m
Migrating to CreateArticles (20200312130019)
  [1m[36mTRANSACTION (0.1ms)[0m  [1m[36mbegin transaction[0m
  [1m[35m (0.7ms)[0m  [1m[35mCREATE TABLE "articles" ("id" integer PRIMARY KEY AUTOINCREMENT NOT NULL, "title" varchar, "description" text)[0m
  [1m[36mActiveRecord::SchemaMigration Create (0.3ms)[0m  [1m[32mINSERT INTO "schema_migrations" ("version") VALUES (?)[0m  [["version", "20200312130019"]]
  [1m[36mTRANSACTION (90.8ms)[0m  [1m[36mcommit transaction[0m
Migrating to AddTimestampsToArticles (20200312131609)
  [1m[36mTRANSACTION (0.1ms)[0m  [1m[36mbegin transaction[0m
  [1m[35m (0.6ms)[0m  [1m[35mALTER TABLE "articles" ADD "created_at" datetime[0m
  [1m[35m (0.7ms)[0m  [1m[35mALTER TABLE "articles" ADD "updated_at" datetime[0m
  [1m[36mActiveRecord::SchemaMigration Create (0.3ms)[0m  [1m[32mINSERT INTO "schema_migrations" ("version") VALUES (?)[0m  [["version", "20200312131609"]]
  [1m[36mTRANSACTION (56.0ms)[0m  [1m[36mcommit transaction[0m
Migrating to CreateUsers (20200403123522)
  [1m[36mTRANSACTION (0.1ms)[0m  [1m[36mbegin transaction[0m
  [1m[35m (0.7ms)[0m  [1m[35mCREATE TABLE "users" ("id" integer PRIMARY KEY AUTOINCREMENT NOT NULL, "username" varchar, "email" varchar, "created_at" datetime(6) NOT NULL, "updated_at" datetime(6) NOT NULL)[0m
  [1m[36mActiveRecord::SchemaMigration Create (0.3ms)[0m  [1m[32mINSERT INTO "schema_migrations" ("version") VALUES (?)[0m  [["version", "20200403123522"]]
  [1m[36mTRANSACTION (76.8ms)[0m  [1m[36mcommit transaction[0m
Migrating to AddUserIdToArticles (20200406103010)
  [1m[36mTRANSACTION (0.1ms)[0m  [1m[36mbegin transaction[0m
  [1m[35m (0.7ms)[0m  [1m[35mALTER TABLE "articles" ADD "user_id" int[0m
  [1m[36mActiveRecord::SchemaMigration Create (0.3ms)[0m  [1m[32mINSERT INTO "schema_migrations" ("version") VALUES (?)[0m  [["version", "20200406103010"]]
  [1m[36mTRANSACTION (50.1ms)[0m  [1m[36mcommit transaction[0m
Migrating to AddPasswordDigestToUsers (20200407140656)
  [1m[36mTRANSACTION (0.1ms)[0m  [1m[36mbegin transaction[0m
  [1m[35m (0.7ms)[0m  [1m[35mALTER TABLE "users" ADD "password_digest" varchar[0m
  [1m[36mActiveRecord::SchemaMigration Create (0.3ms)[0m  [1m[32mINSERT INTO "schema_migrations" ("version") VALUES (?)[0m  [["version", "20200407140656"]]
  [1m[36mTRANSACTION (185.2ms)[0m  [1m[36mcommit transaction[0m
Migrating to AddAdminToUsers (20200501140013)
  [1m[36mTRANSACTION (0.1ms)[0m  [1m[36mbegin transaction[0m
  [1m[35m (0.7ms)[0m  [1m[35mALTER TABLE "users" ADD "admin" boolean DEFAULT 0[0m
  [1m[36mActiveRecord::SchemaMigration Create (0.4ms)[0m  [1m[32mINSERT INTO "schema_migrations" ("version") VALUES (?)[0m  [["version", "20200501140013"]]
  [1m[36mTRANSACTION (51.1ms)[0m  [1m[36mcommit transaction[0m
Migrating to CreateCategories (20200512122546)
  [1m[36mTRANSACTION (0.1ms)[0m  [1m[36mbegin transaction[0m
  [1m[35m (0.5ms)[0m  [1m[35mCREATE TABLE "categories" ("id" integer PRIMARY KEY AUTOINCREMENT NOT NULL, "name" varchar, "created_at" datetime(6) NOT NULL, "updated_at" datetime(6) NOT NULL)[0m
  [1m[36mActiveRecord::SchemaMigration Create (0.3ms)[0m  [1m[32mINSERT INTO "schema_migrations" ("version") VALUES (?)[0m  [["version", "20200512122546"]]
  [1m[36mTRANSACTION (59.9ms)[0m  [1m[36mcommit transaction[0m
  [1m[36mActiveRecord::InternalMetadata Load (0.3ms)[0m  [1m[34mSELECT "ar_internal_metadata".* FROM "ar_internal_metadata" WHERE "ar_internal_metadata"."key" = ? LIMIT ?[0m  [["key", "environment"], ["LIMIT", 1]]
  [1m[36mTRANSACTION (0.1ms)[0m  [1m[36mbegin transaction[0m
  [1m[36mActiveRecord::InternalMetadata Create (0.4ms)[0m  [1m[32mINSERT INTO "ar_internal_metadata" ("key", "value", "created_at", "updated_at") VALUES (?, ?, ?, ?)[0m  [["key", "environment"], ["value", "development"], ["created_at", "2021-08-02 16:45:45.454178"], ["updated_at", "2021-08-02 16:45:45.454178"]]
  [1m[36mTRANSACTION (53.8ms)[0m  [1m[36mcommit transaction[0m
  [1m[35m (0.1ms)[0m  [1m[34mSELECT sqlite_version(*)[0m
  [1m[35m (0.2ms)[0m  [1m[34mSELECT "schema_migrations"."version" FROM "schema_migrations" ORDER BY "schema_migrations"."version" ASC[0m
Started GET "/" for ::1 at 2021-08-02 18:45:52 +0200
  [1m[35m (0.1ms)[0m  [1m[34mSELECT sqlite_version(*)[0m
  [1m[35m (0.2ms)[0m  [1m[34mSELECT "schema_migrations"."version" FROM "schema_migrations" ORDER BY "schema_migrations"."version" ASC[0m
Processing by PagesController#home as HTML
  Rendering layout layouts/application.html.erb
  Rendering pages/home.html.erb within layouts/application
  Rendered pages/home.html.erb within layouts/application (Duration: 0.7ms | Allocations: 194)
  Rendered layout layouts/application.html.erb (Duration: 30.7ms | Allocations: 8958)
Completed 500 Internal Server Error in 58ms (ActiveRecord: 0.0ms | Allocations: 10835)


  
ActionView::Template::Error (couldn't find file 'bootstrap' with type 'text/css'
Checked in these paths: 
  /home/waziry/Desktop/alpha-blog/app/assets/config
  /home/waziry/Desktop/alpha-blog/app/assets/images
  /home/waziry/Desktop/alpha-blog/app/assets/stylesheets
  /home/waziry/.rvm/gems/ruby-2.7.3/gems/actioncable-6.1.4/app/assets/javascripts
  /home/waziry/.rvm/gems/ruby-2.7.3/gems/activestorage-6.1.4/app/assets/javascripts
  /home/waziry/.rvm/gems/ruby-2.7.3/gems/actionview-6.1.4/lib/assets/compiled
  /home/waziry/.rvm/gems/ruby-2.7.3/gems/turbolinks-source-5.2.0/lib/assets/javascripts
  /home/waziry/Desktop/alpha-blog/node_modules):
     5:     <%= csrf_meta_tags %>
     6:     <%= csp_meta_tag %>
     7: 
     8:     <%= stylesheet_link_tag 'application', media: 'all', 'data-turbolinks-track': 'reload' %>
     9:     <%= javascript_pack_tag 'application', 'data-turbolinks-track': 'reload' %>
    10:   </head>
    11: 
  
app/assets/stylesheets/application.css:13
app/views/layouts/application.html.erb:8
Started GET "/" for ::1 at 2021-08-02 18:56:33 +0200
  [1m[35m (0.6ms)[0m  [1m[34mSELECT sqlite_version(*)[0m
  [1m[35m (0.3ms)[0m  [1m[34mSELECT "schema_migrations"."version" FROM "schema_migrations" ORDER BY "schema_migrations"."version" ASC[0m
Processing by PagesController#home as HTML
  Rendering layout layouts/application.html.erb
  Rendering pages/home.html.erb within layouts/application
  Rendered pages/home.html.erb within layouts/application (Duration: 16.1ms | Allocations: 277)
  Rendered layout layouts/application.html.erb (Duration: 71.6ms | Allocations: 5777)
Completed 500 Internal Server Error in 128ms (ActiveRecord: 0.0ms | Allocations: 8305)


  
ActionView::Template::Error (couldn't find file 'bootstrap' with type 'text/css'
Checked in these paths: 
  /home/waziry/Desktop/alpha-blog/app/assets/config
  /home/waziry/Desktop/alpha-blog/app/assets/images
  /home/waziry/Desktop/alpha-blog/app/assets/stylesheets
  /home/waziry/.rvm/gems/ruby-2.7.3/gems/actioncable-6.1.4/app/assets/javascripts
  /home/waziry/.rvm/gems/ruby-2.7.3/gems/activestorage-6.1.4/app/assets/javascripts
  /home/waziry/.rvm/gems/ruby-2.7.3/gems/actionview-6.1.4/lib/assets/compiled
  /home/waziry/.rvm/gems/ruby-2.7.3/gems/turbolinks-source-5.2.0/lib/assets/javascripts
  /home/waziry/Desktop/alpha-blog/node_modules):
     5:     <%= csrf_meta_tags %>
     6:     <%= csp_meta_tag %>
     7: 
     8:     <%= stylesheet_link_tag 'application', media: 'all', 'data-turbolinks-track': 'reload' %>
     9:     <%= javascript_pack_tag 'application', 'data-turbolinks-track': 'reload' %>
    10:   </head>
    11: 
  
app/assets/stylesheets/application.css:13
app/views/layouts/application.html.erb:8
Started GET "/" for ::1 at 2021-08-02 20:08:03 +0200
Processing by PagesController#home as HTML
  Rendering layout layouts/application.html.erb
  Rendering pages/home.html.erb within layouts/application
  Rendered pages/home.html.erb within layouts/application (Duration: 0.3ms | Allocations: 62)
  Rendered layout layouts/application.html.erb (Duration: 22.9ms | Allocations: 5033)
Completed 500 Internal Server Error in 25ms (Allocations: 5464)


  
ActionView::Template::Error (couldn't find file 'bootstrap' with type 'text/css'
Checked in these paths: 
  /home/waziry/Desktop/alpha-blog/app/assets/config
  /home/waziry/Desktop/alpha-blog/app/assets/images
  /home/waziry/Desktop/alpha-blog/app/assets/stylesheets
  /home/waziry/.rvm/gems/ruby-2.7.3/gems/actioncable-6.1.4/app/assets/javascripts
  /home/waziry/.rvm/gems/ruby-2.7.3/gems/activestorage-6.1.4/app/assets/javascripts
  /home/waziry/.rvm/gems/ruby-2.7.3/gems/actionview-6.1.4/lib/assets/compiled
  /home/waziry/.rvm/gems/ruby-2.7.3/gems/turbolinks-source-5.2.0/lib/assets/javascripts
  /home/waziry/Desktop/alpha-blog/node_modules):
     5:     <%= csrf_meta_tags %>
     6:     <%= csp_meta_tag %>
     7: 
     8:     <%= stylesheet_link_tag 'application', media: 'all', 'data-turbolinks-track': 'reload' %>
     9:     <%= javascript_pack_tag 'application', 'data-turbolinks-track': 'reload' %>
    10:   </head>
    11: 
  
app/assets/stylesheets/application.css:13
app/views/layouts/application.html.erb:8
Started GET "/" for ::1 at 2021-08-02 20:09:10 +0200
Processing by PagesController#home as HTML
  Rendering layout layouts/application.html.erb
  Rendering pages/home.html.erb within layouts/application
  Rendered pages/home.html.erb within layouts/application (Duration: 0.8ms | Allocations: 36)
  Rendered layout layouts/application.html.erb (Duration: 9.0ms | Allocations: 4899)
Completed 500 Internal Server Error in 11ms (Allocations: 5248)


  
ActionView::Template::Error (couldn't find file 'bootstrap' with type 'text/css'
Checked in these paths: 
  /home/waziry/Desktop/alpha-blog/app/assets/config
  /home/waziry/Desktop/alpha-blog/app/assets/images
  /home/waziry/Desktop/alpha-blog/app/assets/stylesheets
  /home/waziry/.rvm/gems/ruby-2.7.3/gems/actioncable-6.1.4/app/assets/javascripts
  /home/waziry/.rvm/gems/ruby-2.7.3/gems/activestorage-6.1.4/app/assets/javascripts
  /home/waziry/.rvm/gems/ruby-2.7.3/gems/actionview-6.1.4/lib/assets/compiled
  /home/waziry/.rvm/gems/ruby-2.7.3/gems/turbolinks-source-5.2.0/lib/assets/javascripts
  /home/waziry/Desktop/alpha-blog/node_modules):
     5:     <%= csrf_meta_tags %>
     6:     <%= csp_meta_tag %>
     7: 
     8:     <%= stylesheet_link_tag 'application', media: 'all', 'data-turbolinks-track': 'reload' %>
     9:     <%= javascript_pack_tag 'application', 'data-turbolinks-track': 'reload' %>
    10:   </head>
    11: 
  
app/assets/stylesheets/application.css:13
app/views/layouts/application.html.erb:8
Started GET "/" for ::1 at 2021-08-02 20:13:31 +0200
  [1m[35m (1.0ms)[0m  [1m[34mSELECT sqlite_version(*)[0m
  [1m[35m (0.3ms)[0m  [1m[34mSELECT "schema_migrations"."version" FROM "schema_migrations" ORDER BY "schema_migrations"."version" ASC[0m
Processing by PagesController#home as HTML
  Rendering layout layouts/application.html.erb
  Rendering pages/home.html.erb within layouts/application
  Rendered pages/home.html.erb within layouts/application (Duration: 10.3ms | Allocations: 277)
[Webpacker] Compiling...
[Webpacker] Compiled all packs in /home/waziry/Desktop/alpha-blog/public/packs
[Webpacker] Browserslist: caniuse-lite is outdated. Please run the following command: `yarn upgrade`

[Webpacker] Hash: a5d262e2d92b380cce74
Version: webpack 4.42.0
Time: 8629ms
Built at: 08/02/2021 8:13:47 PM
                                     Asset       Size       Chunks                         Chunk Names
    js/application-4b0cec6457a8a80ef93d.js    648 KiB  application  [emitted] [immutable]  application
js/application-4b0cec6457a8a80ef93d.js.map    760 KiB  application  [emitted] [dev]        application
                             manifest.json  364 bytes               [emitted]              
Entrypoint application = js/application-4b0cec6457a8a80ef93d.js js/application-4b0cec6457a8a80ef93d.js.map
[./app/javascript/channels sync recursive _channel\.js$] ./app/javascript/channels sync _channel\.js$ 160 bytes {application} [built]
[./app/javascript/channels/index.js] 211 bytes {application} [built]
[./app/javascript/packs/application.js] 771 bytes {application} [built]
[./node_modules/webpack/buildin/global.js] (webpack)/buildin/global.js 905 bytes {application} [built]
[./node_modules/webpack/buildin/module.js] (webpack)/buildin/module.js 552 bytes {application} [built]
    + 6 hidden modules

  Rendered layouts/_navigation.html.erb (Duration: 10.9ms | Allocations: 594)
  Rendered layouts/_messages.html.erb (Duration: 2.3ms | Allocations: 181)
  Rendered layouts/_footer.html.erb (Duration: 0.9ms | Allocations: 117)
  Rendered layout layouts/application.html.erb (Duration: 15921.3ms | Allocations: 51115)
Completed 200 OK in 15995ms (Views: 15947.1ms | ActiveRecord: 0.0ms | Allocations: 53677)


Started GET "/users" for ::1 at 2021-08-02 20:14:12 +0200
Processing by UsersController#index as HTML
  Rendering layout layouts/application.html.erb
  Rendering users/index.html.erb within layouts/application
  [1m[35m (0.6ms)[0m  [1m[34mSELECT COUNT(*) FROM "users"[0m
  ↳ app/views/users/index.html.erb:4
  [1m[36mUser Load (0.3ms)[0m  [1m[34mSELECT "users".* FROM "users" LIMIT ? OFFSET ?[0m  [["LIMIT", 5], ["OFFSET", 0]]
  ↳ app/views/users/index.html.erb:8
  Rendered users/index.html.erb within layouts/application (Duration: 8.4ms | Allocations: 1946)
[Webpacker] Everything's up-to-date. Nothing to do
  Rendered layouts/_navigation.html.erb (Duration: 0.5ms | Allocations: 145)
  Rendered layouts/_messages.html.erb (Duration: 0.1ms | Allocations: 17)
  Rendered layouts/_footer.html.erb (Duration: 0.1ms | Allocations: 19)
  Rendered layout layouts/application.html.erb (Duration: 18.0ms | Allocations: 5858)
Completed 200 OK in 110ms (Views: 18.4ms | ActiveRecord: 1.4ms | Allocations: 9143)


Started GET "/" for ::1 at 2021-08-03 17:37:25 +0200
  [1m[35m (1.0ms)[0m  [1m[34mSELECT sqlite_version(*)[0m
  [1m[35m (0.9ms)[0m  [1m[34mSELECT "schema_migrations"."version" FROM "schema_migrations" ORDER BY "schema_migrations"."version" ASC[0m
Processing by PagesController#home as HTML
  Rendering layout layouts/application.html.erb
  Rendering pages/home.html.erb within layouts/application
  Rendered pages/home.html.erb within layouts/application (Duration: 2.3ms | Allocations: 277)
[Webpacker] Everything's up-to-date. Nothing to do
  Rendered layouts/_navigation.html.erb (Duration: 9.8ms | Allocations: 590)
  Rendered layouts/_messages.html.erb (Duration: 2.7ms | Allocations: 181)
  Rendered layouts/_footer.html.erb (Duration: 0.4ms | Allocations: 76)
  Rendered layout layouts/application.html.erb (Duration: 246.4ms | Allocations: 8657)
Completed 200 OK in 309ms (Views: 261.7ms | ActiveRecord: 0.0ms | Allocations: 11308)


Started GET "/" for ::1 at 2021-08-03 17:37:55 +0200
Processing by PagesController#home as HTML
  Rendering layout layouts/application.html.erb
  Rendering pages/home.html.erb within layouts/application
  Rendered pages/home.html.erb within layouts/application (Duration: 1.5ms | Allocations: 140)
[Webpacker] Everything's up-to-date. Nothing to do
  Rendered layouts/_navigation.html.erb (Duration: 3.0ms | Allocations: 553)
  Rendered layouts/_messages.html.erb (Duration: 0.7ms | Allocations: 169)
  Rendered layouts/_footer.html.erb (Duration: 0.6ms | Allocations: 108)
  Rendered layout layouts/application.html.erb (Duration: 26.4ms | Allocations: 5338)
Completed 200 OK in 47ms (Views: 28.8ms | ActiveRecord: 0.0ms | Allocations: 6519)


Started GET "/" for ::1 at 2021-08-03 17:53:20 +0200
  [1m[35m (1.6ms)[0m  [1m[34mSELECT sqlite_version(*)[0m
  [1m[35m (0.3ms)[0m  [1m[34mSELECT "schema_migrations"."version" FROM "schema_migrations" ORDER BY "schema_migrations"."version" ASC[0m
Processing by PagesController#home as HTML
  Rendering layout layouts/application.html.erb
  Rendering pages/home.html.erb within layouts/application
  Rendered pages/home.html.erb within layouts/application (Duration: 6.9ms | Allocations: 277)
[Webpacker] Everything's up-to-date. Nothing to do
  Rendered layouts/_navigation.html.erb (Duration: 3.4ms | Allocations: 587)
  Rendered layouts/_messages.html.erb (Duration: 13.4ms | Allocations: 181)
  Rendered layouts/_footer.html.erb (Duration: 12.1ms | Allocations: 109)
  Rendered layout layouts/application.html.erb (Duration: 95.0ms | Allocations: 8687)
Completed 200 OK in 116ms (Views: 99.0ms | ActiveRecord: 0.0ms | Allocations: 11627)


